2020-02-06 21:37:49 DEBUG Hooks:43 - Started running the scenario:Check whether application homepage is loaded properly or not
2020-02-06 21:37:49 DEBUG DriverManager:44 - Selected Browser Is:Chrome
2020-02-06 21:38:01 DEBUG HomePage:56 - Application base url is:https://wetransfer.com/
2020-02-06 21:38:23 INFO  HomePage:66 - Home page is displayed successfully.
2020-02-06 21:38:23 DEBUG Hooks:70 - Scenario:Check whether application homepage is loaded properly or not completed successfully 

2020-02-06 21:38:24 DEBUG Hooks:43 - Started running the scenario:Check for the broken links in the application
2020-02-06 21:38:24 DEBUG DriverManager:44 - Selected Browser Is:Chrome
2020-02-06 21:38:33 DEBUG HomePage:56 - Application base url is:https://wetransfer.com/
2020-02-06 21:38:43 DEBUG HomePage:83 - Total number of urls are:10
2020-02-06 21:38:46 DEBUG HomePage:107 - Active link url is: https://wetransfer.zendesk.com/ - OK
2020-02-06 21:38:47 DEBUG HomePage:107 - Active link url is: https://wetransfer.com/legal/terms - OK
2020-02-06 21:38:48 DEBUG HomePage:107 - Active link url is: https://wetransfer.com/legal/privacy - OK
2020-02-06 21:38:49 DEBUG HomePage:107 - Active link url is: https://wetransfer.com/help - OK
2020-02-06 21:38:50 DEBUG HomePage:107 - Active link url is: https://wetransfer.com/about - OK
2020-02-06 21:38:51 DEBUG HomePage:107 - Active link url is: https://wetransfer.com/about - OK
2020-02-06 21:38:52 DEBUG HomePage:107 - Active link url is: https://wetransfer.com/products - OK
2020-02-06 21:38:53 DEBUG HomePage:107 - Active link url is: https://wetransfer.com/advertise - OK
2020-02-06 21:38:55 DEBUG HomePage:107 - Active link url is: https://wetransfer.com/pro?trk=WT201908_Upgrade - OK
2020-02-06 21:38:58 DEBUG HomePage:107 - Active link url is: https://wetransfer.com/log-in - OK
2020-02-06 21:38:58 DEBUG Hooks:70 - Scenario:Check for the broken links in the application completed successfully 

2020-02-06 21:39:03 DEBUG Hooks:43 - Started running the scenario:End to End verification of link transfer process
2020-02-06 21:39:03 DEBUG DriverManager:44 - Selected Browser Is:Chrome
2020-02-06 21:39:12 DEBUG HomePage:56 - Application base url is:https://wetransfer.com/
2020-02-06 21:39:26 INFO  TransferFilePage:124 - Files added label value is:1 file added · 2.0 GB remaining
2020-02-06 21:39:26 DEBUG TransferFilePage:126 - File is added successfully.
2020-02-06 21:39:26 INFO  Waiter:22 - Performing java script click on the element:[[ChromeDriver: chrome on WINDOWS (95f7bb5c87ff0d879f8b5b3148ab590b)] -> css selector: [aria-label='Toggle transfer options']]
2020-02-06 21:39:26 INFO  Waiter:22 - Performing java script click on the element:[[ChromeDriver: chrome on WINDOWS (95f7bb5c87ff0d879f8b5b3148ab590b)] -> css selector: [for='transfer__type-link']]
2020-02-06 21:39:26 INFO  Waiter:22 - Performing java script click on the element:[[ChromeDriver: chrome on WINDOWS (95f7bb5c87ff0d879f8b5b3148ab590b)] -> css selector: .transfer__button]
2020-02-06 21:39:30 INFO  TransferFilePage:143 - Files uploaded label value is:You’re done!
2020-02-06 21:39:30 DEBUG TransferFilePage:148 - Failed to upload the file.
2020-02-06 21:39:30 ERROR Hooks:58 - Scenario:End to End verification of link transfer process is failed.Failed page URL is https://wetransfer.com/
2020-02-06 21:39:31 INFO  Hooks:63 - Screenshots are placed at the location: C:\Ramya\WeTransfer\Screenshots\WeTransfer1581021571280.png
2020-02-06 21:41:27 DEBUG Hooks:43 - Started running the scenario:Check whether application homepage is loaded properly or not
2020-02-06 21:41:27 DEBUG DriverManager:44 - Selected Browser Is:Chrome
2020-02-06 21:41:38 DEBUG HomePage:56 - Application base url is:https://wetransfer.com/
2020-02-06 21:41:42 INFO  HomePage:66 - Home page is displayed successfully.
2020-02-06 21:41:42 DEBUG Hooks:70 - Scenario:Check whether application homepage is loaded properly or not completed successfully 

2020-02-06 21:41:42 DEBUG Hooks:43 - Started running the scenario:Check for the broken links in the application
2020-02-06 21:41:42 DEBUG DriverManager:44 - Selected Browser Is:Chrome
2020-02-06 21:41:52 DEBUG HomePage:56 - Application base url is:https://wetransfer.com/
2020-02-06 21:41:57 DEBUG HomePage:83 - Total number of urls are:10
2020-02-06 21:41:58 DEBUG HomePage:107 - Active link url is: https://wetransfer.zendesk.com/ - OK
2020-02-06 21:41:59 DEBUG HomePage:107 - Active link url is: https://wetransfer.com/legal/terms - OK
2020-02-06 21:41:59 DEBUG HomePage:107 - Active link url is: https://wetransfer.com/legal/privacy - OK
2020-02-06 21:42:00 DEBUG HomePage:107 - Active link url is: https://wetransfer.com/help - OK
2020-02-06 21:42:01 DEBUG HomePage:107 - Active link url is: https://wetransfer.com/about - OK
2020-02-06 21:42:01 DEBUG HomePage:107 - Active link url is: https://wetransfer.com/about - OK
2020-02-06 21:42:01 DEBUG HomePage:107 - Active link url is: https://wetransfer.com/products - OK
2020-02-06 21:42:02 DEBUG HomePage:107 - Active link url is: https://wetransfer.com/advertise - OK
2020-02-06 21:42:02 DEBUG HomePage:107 - Active link url is: https://wetransfer.com/pro?trk=WT201908_Upgrade - OK
2020-02-06 21:42:03 DEBUG HomePage:107 - Active link url is: https://wetransfer.com/log-in - OK
2020-02-06 21:42:03 DEBUG Hooks:70 - Scenario:Check for the broken links in the application completed successfully 

2020-02-06 21:42:03 DEBUG Hooks:43 - Started running the scenario:End to End verification of link transfer process
2020-02-06 21:42:03 DEBUG DriverManager:44 - Selected Browser Is:Chrome
2020-02-06 21:42:12 DEBUG HomePage:56 - Application base url is:https://wetransfer.com/
2020-02-06 21:42:22 INFO  TransferFilePage:124 - Files added label value is:1 file added · 2.0 GB remaining
2020-02-06 21:42:22 DEBUG TransferFilePage:126 - File is added successfully.
2020-02-06 21:42:22 INFO  Waiter:22 - Performing java script click on the element:[[ChromeDriver: chrome on WINDOWS (f77f243ae0a14cb8193f62324c60cbc6)] -> css selector: [aria-label='Toggle transfer options']]
2020-02-06 21:42:22 INFO  Waiter:22 - Performing java script click on the element:[[ChromeDriver: chrome on WINDOWS (f77f243ae0a14cb8193f62324c60cbc6)] -> css selector: [for='transfer__type-link']]
2020-02-06 21:42:22 INFO  Waiter:22 - Performing java script click on the element:[[ChromeDriver: chrome on WINDOWS (f77f243ae0a14cb8193f62324c60cbc6)] -> css selector: .transfer__button]
2020-02-06 21:42:24 INFO  TransferFilePage:143 - Files uploaded label value is:You’re done!
2020-02-06 21:42:24 DEBUG TransferFilePage:148 - Failed to upload the file.
2020-02-06 21:42:24 ERROR Hooks:58 - Scenario:End to End verification of link transfer process is failed.Failed page URL is https://wetransfer.com/
2020-02-06 21:42:25 INFO  Hooks:63 - Screenshots are placed at the location: C:\Ramya\WeTransfer\Screenshots\WeTransfer1581021745529.png
2020-02-06 21:43:37 DEBUG Hooks:43 - Started running the scenario:Check whether application homepage is loaded properly or not
2020-02-06 21:43:37 DEBUG DriverManager:44 - Selected Browser Is:Chrome
2020-02-06 21:43:48 DEBUG HomePage:56 - Application base url is:https://wetransfer.com/
2020-02-06 21:44:15 INFO  HomePage:66 - Home page is displayed successfully.
2020-02-06 21:44:32 DEBUG Hooks:70 - Scenario:Check whether application homepage is loaded properly or not completed successfully 

2020-02-06 21:44:36 DEBUG Hooks:43 - Started running the scenario:Check for the broken links in the application
2020-02-06 21:44:36 DEBUG DriverManager:44 - Selected Browser Is:Chrome
2020-02-06 21:44:45 DEBUG HomePage:56 - Application base url is:https://wetransfer.com/
2020-02-06 21:44:51 DEBUG HomePage:83 - Total number of urls are:10
2020-02-06 21:44:52 DEBUG HomePage:107 - Active link url is: https://wetransfer.zendesk.com/ - OK
2020-02-06 21:44:53 DEBUG HomePage:107 - Active link url is: https://wetransfer.com/legal/terms - OK
2020-02-06 21:44:53 DEBUG HomePage:107 - Active link url is: https://wetransfer.com/legal/privacy - OK
2020-02-06 21:44:54 DEBUG HomePage:107 - Active link url is: https://wetransfer.com/help - OK
2020-02-06 21:44:54 DEBUG HomePage:107 - Active link url is: https://wetransfer.com/about - OK
2020-02-06 21:44:54 DEBUG HomePage:107 - Active link url is: https://wetransfer.com/about - OK
2020-02-06 21:44:55 DEBUG HomePage:107 - Active link url is: https://wetransfer.com/products - OK
2020-02-06 21:44:55 DEBUG HomePage:107 - Active link url is: https://wetransfer.com/advertise - OK
2020-02-06 21:44:56 DEBUG HomePage:107 - Active link url is: https://wetransfer.com/pro?trk=WT201908_Upgrade - OK
2020-02-06 21:44:56 DEBUG HomePage:107 - Active link url is: https://wetransfer.com/log-in - OK
2020-02-06 21:44:56 DEBUG Hooks:70 - Scenario:Check for the broken links in the application completed successfully 

2020-02-06 21:44:57 DEBUG Hooks:43 - Started running the scenario:End to End verification of link transfer process
2020-02-06 21:44:57 DEBUG DriverManager:44 - Selected Browser Is:Chrome
2020-02-06 21:45:06 DEBUG HomePage:56 - Application base url is:https://wetransfer.com/
2020-02-06 21:45:17 INFO  TransferFilePage:124 - Files added label value is:1 file added · 2.0 GB remaining
2020-02-06 21:45:17 DEBUG TransferFilePage:126 - File is added successfully.
2020-02-06 21:45:17 INFO  Waiter:22 - Performing java script click on the element:[[ChromeDriver: chrome on WINDOWS (13fde26abb5d73f899e3ab1ee867946a)] -> css selector: [aria-label='Toggle transfer options']]
2020-02-06 21:45:17 INFO  Waiter:22 - Performing java script click on the element:[[ChromeDriver: chrome on WINDOWS (13fde26abb5d73f899e3ab1ee867946a)] -> css selector: [for='transfer__type-link']]
2020-02-06 21:45:17 INFO  Waiter:22 - Performing java script click on the element:[[ChromeDriver: chrome on WINDOWS (13fde26abb5d73f899e3ab1ee867946a)] -> css selector: .transfer__button]
2020-02-06 21:46:01 INFO  TransferFilePage:143 - Files uploaded label value is:You’re done!
2020-02-06 21:46:01 DEBUG TransferFilePage:145 - File is uploaded successfully.
2020-02-06 21:46:01 DEBUG Hooks:70 - Scenario:End to End verification of link transfer process completed successfully 

2020-02-06 21:58:31 DEBUG Hooks:43 - Started running the scenario:Check whether application homepage is loaded properly or not
2020-02-06 21:58:31 DEBUG DriverManager:43 - Selected Browser Is:Opera
2020-02-06 21:58:34 DEBUG Hooks:43 - Started running the scenario:Check for the broken links in the application
2020-02-06 21:58:34 DEBUG DriverManager:43 - Selected Browser Is:Opera
2020-02-06 21:58:34 DEBUG Hooks:43 - Started running the scenario:End to End verification of link transfer process
2020-02-06 21:58:34 DEBUG DriverManager:43 - Selected Browser Is:Opera
2020-02-06 22:03:05 DEBUG Hooks:43 - Started running the scenario:Check whether application homepage is loaded properly or not
2020-02-06 22:03:05 DEBUG DriverManager:43 - Selected Browser Is:Edge
2020-02-06 22:03:21 DEBUG Hooks:43 - Started running the scenario:Check for the broken links in the application
2020-02-06 22:03:21 DEBUG DriverManager:43 - Selected Browser Is:Edge
2020-02-06 22:03:32 DEBUG Hooks:43 - Started running the scenario:End to End verification of link transfer process
2020-02-06 22:03:32 DEBUG DriverManager:43 - Selected Browser Is:Edge
2020-02-06 22:06:08 DEBUG Hooks:43 - Started running the scenario:Check whether application homepage is loaded properly or not
2020-02-06 22:06:08 DEBUG DriverManager:43 - Selected Browser Is:Edge
2020-02-06 22:10:28 DEBUG Hooks:43 - Started running the scenario:Check whether application homepage is loaded properly or not
2020-02-06 22:10:28 DEBUG DriverManager:43 - Selected Browser Is:Opera
